<?xml version="1.0" encoding="UTF-8" standalone="no"?>
<testsuite errors="0" failures="1" name="io.cucumber.core.plugin.JUnitFormatter" skipped="0" tests="5" time="79.327">
    <testcase classname="US001 Apply for a job at search4solutions" name="TC01 Apply for cloud engineer position WITHOUT NAME should display Naam is missing required subfields: First Name" time="14.34">
        <system-out>
            <![CDATA[Given I am on the Cloud Engineer job application form.......................passed
And I want to apply for Cloud Engineer position 'WITHOUT NAME'..............passed
When I send following attributes to apply for the Cloud Engineer position:..passed
Then I should see 'Naam is missing required subfields: First Name' on the page.passed
]]>
        </system-out>
    </testcase>
    <testcase classname="US001 Apply for a job at search4solutions" name="TC01 Apply for cloud engineer position WITH INVALID NAME - /* should display Naam: First Name is not valid." time="12.036">
        <system-out>
            <![CDATA[Given I am on the Cloud Engineer job application form.......................passed
And I want to apply for Cloud Engineer position 'WITH INVALID NAME - /*'....passed
When I send following attributes to apply for the Cloud Engineer position:..passed
Then I should see 'Naam: First Name is not valid.' on the page..............passed
]]>
        </system-out>
    </testcase>
    <testcase classname="US001 Apply for a job at search4solutions" name="TC01 Apply for cloud engineer position WITH INVALID NAME - a should display Naam: First Name is not valid." time="27.808">
        <failure message="no such element: Unable to locate element: {&quot;method&quot;:&quot;xpath&quot;,&quot;selector&quot;:&quot;//*[contains(text(), 'Naam: First Name is not valid.')]&quot;}&#10;  (Session info: chrome=99.0.4844.82)&#10;For documentation on this error, please visit: https://www.seleniumhq.org/exceptions/no_such_element.html&#10;Build info: version: '3.141.59', revision: 'e82be7d358', time: '2018-11-14T08:17:03'&#10;System info: host: 'DESKTOP-UK3QCC5', ip: '192.168.56.1', os.name: 'Windows 10', os.arch: 'amd64', os.version: '10.0', java.version: '11.0.11'&#10;Driver info: org.openqa.selenium.chrome.ChromeDriver&#10;Capabilities {acceptInsecureCerts: false, browserName: chrome, browserVersion: 99.0.4844.82, chrome: {chromedriverVersion: 99.0.4844.51 (d537ec02474b5..., userDataDir: C:\Users\Mehmet\AppData\Loc...}, goog:chromeOptions: {debuggerAddress: localhost:50646}, javascriptEnabled: true, networkConnectionEnabled: false, pageLoadStrategy: normal, platform: WINDOWS, platformName: WINDOWS, proxy: Proxy(), setWindowRect: true, strictFileInteractability: false, timeouts: {implicit: 0, pageLoad: 300000, script: 30000}, unhandledPromptBehavior: dismiss and notify, webauthn:extension:credBlob: true, webauthn:extension:largeBlob: true, webauthn:virtualAuthenticators: true}&#10;Session ID: 0508645dd9fa9e7030650f434d183d0d&#10;*** Element info: {Using=xpath, value=//*[contains(text(), 'Naam: First Name is not valid.')]}" type="org.openqa.selenium.NoSuchElementException">
            <![CDATA[Given I am on the Cloud Engineer job application form.......................passed
And I want to apply for Cloud Engineer position 'WITH INVALID NAME - a'.....passed
When I send following attributes to apply for the Cloud Engineer position:..passed
Then I should see 'Naam: First Name is not valid.' on the page..............failed

StackTrace:
org.openqa.selenium.NoSuchElementException: no such element: Unable to locate element: {"method":"xpath","selector":"//*[contains(text(), 'Naam: First Name is not valid.')]"}
  (Session info: chrome=99.0.4844.82)
For documentation on this error, please visit: https://www.seleniumhq.org/exceptions/no_such_element.html
Build info: version: '3.141.59', revision: 'e82be7d358', time: '2018-11-14T08:17:03'
System info: host: 'DESKTOP-UK3QCC5', ip: '192.168.56.1', os.name: 'Windows 10', os.arch: 'amd64', os.version: '10.0', java.version: '11.0.11'
Driver info: org.openqa.selenium.chrome.ChromeDriver
Capabilities {acceptInsecureCerts: false, browserName: chrome, browserVersion: 99.0.4844.82, chrome: {chromedriverVersion: 99.0.4844.51 (d537ec02474b5..., userDataDir: C:\Users\Mehmet\AppData\Loc...}, goog:chromeOptions: {debuggerAddress: localhost:50646}, javascriptEnabled: true, networkConnectionEnabled: false, pageLoadStrategy: normal, platform: WINDOWS, platformName: WINDOWS, proxy: Proxy(), setWindowRect: true, strictFileInteractability: false, timeouts: {implicit: 0, pageLoad: 300000, script: 30000}, unhandledPromptBehavior: dismiss and notify, webauthn:extension:credBlob: true, webauthn:extension:largeBlob: true, webauthn:virtualAuthenticators: true}
Session ID: 0508645dd9fa9e7030650f434d183d0d
*** Element info: {Using=xpath, value=//*[contains(text(), 'Naam: First Name is not valid.')]}
	at java.base/jdk.internal.reflect.NativeConstructorAccessorImpl.newInstance0(Native Method)
	at java.base/jdk.internal.reflect.NativeConstructorAccessorImpl.newInstance(NativeConstructorAccessorImpl.java:62)
	at java.base/jdk.internal.reflect.DelegatingConstructorAccessorImpl.newInstance(DelegatingConstructorAccessorImpl.java:45)
	at java.base/java.lang.reflect.Constructor.newInstance(Constructor.java:490)
	at org.openqa.selenium.remote.http.W3CHttpResponseCodec.createException(W3CHttpResponseCodec.java:187)
	at org.openqa.selenium.remote.http.W3CHttpResponseCodec.decode(W3CHttpResponseCodec.java:122)
	at org.openqa.selenium.remote.http.W3CHttpResponseCodec.decode(W3CHttpResponseCodec.java:49)
	at org.openqa.selenium.remote.HttpCommandExecutor.execute(HttpCommandExecutor.java:158)
	at org.openqa.selenium.remote.service.DriverCommandExecutor.execute(DriverCommandExecutor.java:83)
	at org.openqa.selenium.remote.RemoteWebDriver.execute(RemoteWebDriver.java:552)
	at org.openqa.selenium.remote.RemoteWebDriver.findElement(RemoteWebDriver.java:323)
	at org.openqa.selenium.remote.RemoteWebDriver.findElementByXPath(RemoteWebDriver.java:428)
	at org.openqa.selenium.By$ByXPath.findElement(By.java:353)
	at org.openqa.selenium.remote.RemoteWebDriver.findElement(RemoteWebDriver.java:315)
	at pages.BasePage.getElementWithText(BasePage.java:27)
	at stepdefinitions.SolliciterenStepdef.iShouldSeeMessageOnThePage(SolliciterenStepdef.java:45)
	at âœ½.I should see 'Naam: First Name is not valid.' on the page(file:///C:/Users/Mehmet/IdeaProjects/serch4solutions/./src/test/resources/features/US001%20Solliciteren%20bij%20search4solutions.feature:14)
]]>
        </failure>
    </testcase>
    <testcase classname="US001 Apply for a job at search4solutions" name="TC01 Apply for cloud engineer position WITHOUT E-MAIL should display E-mail is required." time="12.34">
        <system-out>
            <![CDATA[Given I am on the Cloud Engineer job application form.......................passed
And I want to apply for Cloud Engineer position 'WITHOUT E-MAIL'............passed
When I send following attributes to apply for the Cloud Engineer position:..passed
Then I should see 'E-mail is required.' on the page.........................passed
]]>
        </system-out>
    </testcase>
    <testcase classname="US001 Apply for a job at search4solutions" name="TC01 Apply for cloud engineer position WITH ALL REQUIRED FIELDS should display Dankjewel voor je sollicitatie!" time="12.033">
        <system-out>
            <![CDATA[Given I am on the Cloud Engineer job application form.......................passed
And I want to apply for Cloud Engineer position 'WITH ALL REQUIRED FIELDS'..passed
When I send following attributes to apply for the Cloud Engineer position:..passed
Then I should see 'Dankjewel voor je sollicitatie!' on the page.............passed
]]>
        </system-out>
    </testcase>
</testsuite>
